<?xml version="1.0" encoding="UTF-8"?>
<!-- Generated by org.testng.reporters.JUnitReportReporter -->
<testsuite hostname="LAPTOP-MVI3L03L" name="simplilearn.test.testsuit.Testcase2" tests="2" failures="0" timestamp="10 Apr 2021 15:59:48 GMT" time="0.002" errors="0">
  <testcase name="Test2" time="0.001" classname="simplilearn.test.testsuit.Testcase2"/>
  <testcase name="Test1" time="0.001" classname="simplilearn.test.testsuit.Testcase2"/>
</testsuite>
