<?xml version="1.0" encoding="UTF-8"?>
<!-- Generated by org.testng.reporters.JUnitReportReporter -->
<testsuite hostname="LAPTOP-MVI3L03L" failures="0" tests="2" name="simplilearn.test.testsuit.Testcase2" time="0.000" errors="0" timestamp="10 Apr 2021 17:13:25 GMT">
  <testcase classname="simplilearn.test.testsuit.Testcase2" name="Test1" time="0.000"/>
  <testcase classname="simplilearn.test.testsuit.Testcase2" name="Test2" time="0.000"/>
</testsuite>
