<?xml version="1.0" encoding="UTF-8"?>
<!-- Generated by org.testng.reporters.JUnitReportReporter -->
<testsuite hostname="LAPTOP-MVI3L03L" failures="0" tests="3" name="simplilearn.test.testsuit.Testcase1" time="0.002" errors="0" timestamp="10 Apr 2021 17:13:25 GMT">
  <testcase classname="simplilearn.test.testsuit.Testcase1" name="test2" time="0.001"/>
  <testcase classname="simplilearn.test.testsuit.Testcase1" name="othertest" time="0.001"/>
  <testcase classname="simplilearn.test.testsuit.Testcase1" name="test1" time="0.000"/>
</testsuite>
